<?xml version="1.0" encoding="UTF-8"?>
<!-- Generated by org.testng.reporters.JUnitXMLReporter -->
<testsuite hostname="Omers-MacBook-Pro.local" ignored="0" name="Default test" tests="3" failures="0" timestamp="2020-10-19T22:29:48 EDT" time="14.11" errors="0">
  <testcase name="verifyPageTitle" time="0.041" classname="com.qa.ispeakbetterpackages.test.SelectingRandomPlansTest"/>
  <testcase name="verifyPackageSectionHeader" time="0.59" classname="com.qa.ispeakbetterpackages.test.SelectingRandomPlansTest"/>
  <testcase name="selectAPackage" time="1.04" classname="com.qa.ispeakbetterpackages.test.SelectingRandomPlansTest"/>
</testsuite> <!-- Default test -->
