<?xml version="1.0" encoding="UTF-8"?>
<!-- Generated by org.testng.reporters.JUnitXMLReporter -->
<testsuite hostname="Omers-MacBook-Pro.local" ignored="0" name="ISpeakBetter Regression Test" tests="16" failures="0" timestamp="2020-10-19T22:31:21 EDT" time="75.358" errors="0">
  <testcase name="verifyPageTitle" time="0.046" classname="com.qa.ispeakbetterpackages.test.ClickBuyBtnWithoutSelectionTest"/>
  <testcase name="clickBuyWithoutDuration" time="0.883" classname="com.qa.ispeakbetterpackages.test.ClickBuyBtnWithoutSelectionTest"/>
  <testcase name="clickBuyWithoutClassLength" time="0.862" classname="com.qa.ispeakbetterpackages.test.ClickBuyBtnWithoutSelectionTest"/>
  <testcase name="clickBuyWithoutNumberOfClasses" time="0.97" classname="com.qa.ispeakbetterpackages.test.ClickBuyBtnWithoutSelectionTest"/>
  <testcase name="verifyPageTitle" time="0.01" classname="com.qa.ispeakbetterpackages.test.HandlingErrorMessagesPageTest"/>
  <testcase name="selectDuration" time="0.799" classname="com.qa.ispeakbetterpackages.test.HandlingErrorMessagesPageTest"/>
  <testcase name="selectClasses" time="0.479" classname="com.qa.ispeakbetterpackages.test.HandlingErrorMessagesPageTest"/>
  <testcase name="selectWeek" time="0.365" classname="com.qa.ispeakbetterpackages.test.HandlingErrorMessagesPageTest"/>
  <testcase name="verifyPageTitle" time="0.018" classname="com.qa.ispeakbetterpackages.test.PrintingAllValuesTest"/>
  <testcase name="verifyDurationSelection" time="0.065" classname="com.qa.ispeakbetterpackages.test.PrintingAllValuesTest"/>
  <testcase name="verifyWeekSelection" time="0.082" classname="com.qa.ispeakbetterpackages.test.PrintingAllValuesTest"/>
  <testcase name="verifyClassesSelection" time="0.095" classname="com.qa.ispeakbetterpackages.test.PrintingAllValuesTest"/>
  <testcase name="verifyProgramSelection" time="0.135" classname="com.qa.ispeakbetterpackages.test.PrintingAllValuesTest"/>
  <testcase name="verifyPageTitle" time="0.011" classname="com.qa.ispeakbetterpackages.test.SelectingRandomPlansTest"/>
  <testcase name="verifyPackageSectionHeader" time="0.57" classname="com.qa.ispeakbetterpackages.test.SelectingRandomPlansTest"/>
  <testcase name="selectAPackage" time="1.033" classname="com.qa.ispeakbetterpackages.test.SelectingRandomPlansTest"/>
</testsuite> <!-- ISpeakBetter Regression Test -->
